0 info it worked if it ends with ok
1 verbose cli [ 'node', '/usr/local/bin/npm', 'install', 'twitt', '--save' ]
2 info using npm@1.4.28
3 info using node@v0.10.32
4 verbose readDependencies using package.json deps
5 verbose cache add [ 'twitt', null ]
6 verbose cache add name=undefined spec="twitt" args=["twitt",null]
7 verbose parsed url { protocol: null,
7 verbose parsed url   slashes: null,
7 verbose parsed url   auth: null,
7 verbose parsed url   host: null,
7 verbose parsed url   port: null,
7 verbose parsed url   hostname: null,
7 verbose parsed url   hash: null,
7 verbose parsed url   search: null,
7 verbose parsed url   query: null,
7 verbose parsed url   pathname: 'twitt',
7 verbose parsed url   path: 'twitt',
7 verbose parsed url   href: 'twitt' }
8 silly lockFile 504bf54e-twitt twitt
9 verbose lock twitt /Users/lucas/.npm/504bf54e-twitt.lock
10 silly lockFile 504bf54e-twitt twitt
11 silly lockFile 504bf54e-twitt twitt
12 verbose addNamed [ 'twitt', '' ]
13 verbose addNamed [ null, '*' ]
14 silly lockFile 187e5b36-twitt twitt@
15 verbose lock twitt@ /Users/lucas/.npm/187e5b36-twitt.lock
16 silly addNameRange { name: 'twitt', range: '*', hasData: false }
17 verbose request where is /twitt
18 verbose request registry https://registry.npmjs.org/
19 verbose request id 349a5f5898c1c930
20 verbose url raw /twitt
21 verbose url resolving [ 'https://registry.npmjs.org/', './twitt' ]
22 verbose url resolved https://registry.npmjs.org/twitt
23 verbose request where is https://registry.npmjs.org/twitt
24 info trying registry request attempt 1 at 10:39:42
25 http GET https://registry.npmjs.org/twitt
26 http 404 https://registry.npmjs.org/twitt
27 verbose headers { date: 'Tue, 30 Sep 2014 08:39:43 GMT',
27 verbose headers   server: 'CouchDB/1.5.0 (Erlang OTP/R16B03)',
27 verbose headers   'content-type': 'application/json',
27 verbose headers   'cache-control': 'max-age=0',
27 verbose headers   'content-length': '52',
27 verbose headers   'accept-ranges': 'bytes',
27 verbose headers   via: '1.1 varnish',
27 verbose headers   age: '0',
27 verbose headers   'x-served-by': 'cache-fra1226-FRA',
27 verbose headers   'x-cache': 'MISS',
27 verbose headers   'x-cache-hits': '0',
27 verbose headers   'x-timer': 'S1412066383.055525,VS0,VE118',
27 verbose headers   'keep-alive': 'timeout=10, max=50',
27 verbose headers   connection: 'Keep-Alive' }
28 silly registry.get cb [ 404,
28 silly registry.get   { date: 'Tue, 30 Sep 2014 08:39:43 GMT',
28 silly registry.get     server: 'CouchDB/1.5.0 (Erlang OTP/R16B03)',
28 silly registry.get     'content-type': 'application/json',
28 silly registry.get     'cache-control': 'max-age=0',
28 silly registry.get     'content-length': '52',
28 silly registry.get     'accept-ranges': 'bytes',
28 silly registry.get     via: '1.1 varnish',
28 silly registry.get     age: '0',
28 silly registry.get     'x-served-by': 'cache-fra1226-FRA',
28 silly registry.get     'x-cache': 'MISS',
28 silly registry.get     'x-cache-hits': '0',
28 silly registry.get     'x-timer': 'S1412066383.055525,VS0,VE118',
28 silly registry.get     'keep-alive': 'timeout=10, max=50',
28 silly registry.get     connection: 'Keep-Alive' } ]
29 silly lockFile 187e5b36-twitt twitt@
30 silly lockFile 187e5b36-twitt twitt@
31 error 404 404 Not Found: twitt
31 error 404
31 error 404 'twitt' is not in the npm registry.
31 error 404 You should bug the author to publish it
31 error 404 It was specified as a dependency of 'LiveTVNodeJS'
31 error 404
31 error 404 Note that you can also install from a
31 error 404 tarball, folder, or http url, or git url.
32 error System Darwin 13.4.0
33 error command "node" "/usr/local/bin/npm" "install" "twitt" "--save"
34 error cwd /Users/lucas/Documents/LiveTVNodeJS
35 error node -v v0.10.32
36 error npm -v 1.4.28
37 error code E404
38 verbose exit [ 1, true ]
